<?xml version="1.0" encoding="UTF-8"?>
<coverage generated="1764939726">
  <project timestamp="1764939726" name="Clover Coverage">
    <package name="App\Http\Controllers\Admin\Auth">
      <file name="/var/www/html/app/Http/Controllers/Admin/Auth/LoginController.php">
        <class name="App\Http\Controllers\Admin\Auth\LoginController" namespace="App\Http\Controllers\Admin\Auth">
          <metrics complexity="4" methods="2" coveredmethods="2" conditionals="0" coveredconditionals="0" statements="19" coveredstatements="19" elements="21" coveredelements="21"/>
        </class>
        <line num="15" type="method" name="show" visibility="public" complexity="1" crap="1" count="1"/>
        <line num="17" type="stmt" count="1"/>
        <line num="20" type="method" name="login" visibility="public" complexity="3" crap="3" count="13"/>
        <line num="23" type="stmt" count="13"/>
        <line num="25" type="stmt" count="13"/>
        <line num="26" type="stmt" count="2"/>
        <line num="28" type="stmt" count="2"/>
        <line num="29" type="stmt" count="2"/>
        <line num="30" type="stmt" count="2"/>
        <line num="33" type="stmt" count="13"/>
        <line num="34" type="stmt" count="13"/>
        <line num="35" type="stmt" count="13"/>
        <line num="36" type="stmt" count="13"/>
        <line num="38" type="stmt" count="11"/>
        <line num="39" type="stmt" count="6"/>
        <line num="42" type="stmt" count="6"/>
        <line num="44" type="stmt" count="6"/>
        <line num="48" type="stmt" count="6"/>
        <line num="50" type="stmt" count="6"/>
        <line num="51" type="stmt" count="6"/>
        <line num="52" type="stmt" count="6"/>
        <metrics loc="56" ncloc="53" classes="1" methods="2" coveredmethods="2" conditionals="0" coveredconditionals="0" statements="19" coveredstatements="19" elements="21" coveredelements="21"/>
      </file>
      <file name="/var/www/html/app/Http/Controllers/Admin/Auth/LogoutController.php">
        <class name="App\Http\Controllers\Admin\Auth\LogoutController" namespace="App\Http\Controllers\Admin\Auth">
          <metrics complexity="1" methods="1" coveredmethods="1" conditionals="0" coveredconditionals="0" statements="4" coveredstatements="4" elements="5" coveredelements="5"/>
        </class>
        <line num="13" type="method" name="logout" visibility="public" complexity="1" crap="1" count="2"/>
        <line num="15" type="stmt" count="2"/>
        <line num="17" type="stmt" count="2"/>
        <line num="18" type="stmt" count="2"/>
        <line num="20" type="stmt" count="2"/>
        <metrics loc="24" ncloc="24" classes="1" methods="1" coveredmethods="1" conditionals="0" coveredconditionals="0" statements="4" coveredstatements="4" elements="5" coveredelements="5"/>
      </file>
    </package>
    <package name="App\Http\Controllers\Auth">
      <file name="/var/www/html/app/Http/Controllers/Auth/ForgotPasswordController.php">
        <class name="App\Http\Controllers\Auth\ForgotPasswordController" namespace="App\Http\Controllers\Auth">
          <metrics complexity="3" methods="2" coveredmethods="1" conditionals="0" coveredconditionals="0" statements="12" coveredstatements="9" elements="14" coveredelements="10"/>
        </class>
        <line num="14" type="method" name="show" visibility="public" complexity="1" crap="1" count="1"/>
        <line num="16" type="stmt" count="1"/>
        <line num="19" type="method" name="sendResetLink" visibility="public" complexity="2" crap="2.08" count="3"/>
        <line num="21" type="stmt" count="3"/>
        <line num="22" type="stmt" count="3"/>
        <line num="23" type="stmt" count="3"/>
        <line num="25" type="stmt" count="1"/>
        <line num="26" type="stmt" count="1"/>
        <line num="27" type="stmt" count="1"/>
        <line num="29" type="stmt" count="1"/>
        <line num="30" type="stmt" count="1"/>
        <line num="33" type="stmt" count="0"/>
        <line num="34" type="stmt" count="0"/>
        <line num="35" type="stmt" count="0"/>
        <metrics loc="38" ncloc="38" classes="1" methods="2" coveredmethods="1" conditionals="0" coveredconditionals="0" statements="12" coveredstatements="9" elements="14" coveredelements="10"/>
      </file>
      <file name="/var/www/html/app/Http/Controllers/Auth/LoginController.php">
        <class name="App\Http\Controllers\Auth\LoginController" namespace="App\Http\Controllers\Auth">
          <metrics complexity="4" methods="2" coveredmethods="2" conditionals="0" coveredconditionals="0" statements="19" coveredstatements="19" elements="21" coveredelements="21"/>
        </class>
        <line num="15" type="method" name="show" visibility="public" complexity="1" crap="1" count="1"/>
        <line num="17" type="stmt" count="1"/>
        <line num="20" type="method" name="login" visibility="public" complexity="3" crap="3" count="15"/>
        <line num="23" type="stmt" count="15"/>
        <line num="25" type="stmt" count="15"/>
        <line num="26" type="stmt" count="2"/>
        <line num="28" type="stmt" count="2"/>
        <line num="29" type="stmt" count="2"/>
        <line num="30" type="stmt" count="2"/>
        <line num="33" type="stmt" count="15"/>
        <line num="34" type="stmt" count="15"/>
        <line num="35" type="stmt" count="15"/>
        <line num="36" type="stmt" count="15"/>
        <line num="38" type="stmt" count="12"/>
        <line num="39" type="stmt" count="6"/>
        <line num="42" type="stmt" count="6"/>
        <line num="44" type="stmt" count="6"/>
        <line num="48" type="stmt" count="7"/>
        <line num="50" type="stmt" count="7"/>
        <line num="51" type="stmt" count="7"/>
        <line num="52" type="stmt" count="7"/>
        <metrics loc="55" ncloc="52" classes="1" methods="2" coveredmethods="2" conditionals="0" coveredconditionals="0" statements="19" coveredstatements="19" elements="21" coveredelements="21"/>
      </file>
      <file name="/var/www/html/app/Http/Controllers/Auth/LogoutController.php">
        <class name="App\Http\Controllers\Auth\LogoutController" namespace="App\Http\Controllers\Auth">
          <metrics complexity="1" methods="1" coveredmethods="1" conditionals="0" coveredconditionals="0" statements="4" coveredstatements="4" elements="5" coveredelements="5"/>
        </class>
        <line num="13" type="method" name="logout" visibility="public" complexity="1" crap="1" count="5"/>
        <line num="15" type="stmt" count="5"/>
        <line num="17" type="stmt" count="5"/>
        <line num="18" type="stmt" count="5"/>
        <line num="20" type="stmt" count="5"/>
        <metrics loc="23" ncloc="23" classes="1" methods="1" coveredmethods="1" conditionals="0" coveredconditionals="0" statements="4" coveredstatements="4" elements="5" coveredelements="5"/>
      </file>
      <file name="/var/www/html/app/Http/Controllers/Auth/RegisterController.php">
        <class name="App\Http\Controllers\Auth\RegisterController" namespace="App\Http\Controllers\Auth">
          <metrics complexity="2" methods="2" coveredmethods="2" conditionals="0" coveredconditionals="0" statements="15" coveredstatements="15" elements="17" coveredelements="17"/>
        </class>
        <line num="15" type="method" name="show" visibility="public" complexity="1" crap="1" count="2"/>
        <line num="17" type="stmt" count="2"/>
        <line num="20" type="method" name="register" visibility="public" complexity="1" crap="1" count="19"/>
        <line num="22" type="stmt" count="19"/>
        <line num="23" type="stmt" count="19"/>
        <line num="24" type="stmt" count="19"/>
        <line num="25" type="stmt" count="19"/>
        <line num="26" type="stmt" count="19"/>
        <line num="28" type="stmt" count="9"/>
        <line num="29" type="stmt" count="9"/>
        <line num="30" type="stmt" count="9"/>
        <line num="31" type="stmt" count="9"/>
        <line num="32" type="stmt" count="9"/>
        <line num="34" type="stmt" count="9"/>
        <line num="35" type="stmt" count="9"/>
        <line num="37" type="stmt" count="9"/>
        <line num="39" type="stmt" count="9"/>
        <metrics loc="42" ncloc="42" classes="1" methods="2" coveredmethods="2" conditionals="0" coveredconditionals="0" statements="15" coveredstatements="15" elements="17" coveredelements="17"/>
      </file>
      <file name="/var/www/html/app/Http/Controllers/Auth/ResetPasswordController.php">
        <class name="App\Http\Controllers\Auth\ResetPasswordController" namespace="App\Http\Controllers\Auth">
          <metrics complexity="3" methods="2" coveredmethods="0" conditionals="0" coveredconditionals="0" statements="22" coveredstatements="15" elements="24" coveredelements="15"/>
        </class>
        <line num="16" type="method" name="show" visibility="public" complexity="1" crap="2" count="0"/>
        <line num="18" type="stmt" count="0"/>
        <line num="19" type="stmt" count="0"/>
        <line num="20" type="stmt" count="0"/>
        <line num="21" type="stmt" count="0"/>
        <line num="24" type="method" name="reset" visibility="public" complexity="2" crap="2.02" count="3"/>
        <line num="26" type="stmt" count="3"/>
        <line num="27" type="stmt" count="3"/>
        <line num="28" type="stmt" count="3"/>
        <line num="29" type="stmt" count="3"/>
        <line num="30" type="stmt" count="3"/>
        <line num="32" type="stmt" count="1"/>
        <line num="33" type="stmt" count="1"/>
        <line num="34" type="stmt" count="1"/>
        <line num="35" type="stmt" count="1"/>
        <line num="36" type="stmt" count="1"/>
        <line num="37" type="stmt" count="1"/>
        <line num="38" type="stmt" count="1"/>
        <line num="39" type="stmt" count="1"/>
        <line num="41" type="stmt" count="1"/>
        <line num="42" type="stmt" count="1"/>
        <line num="45" type="stmt" count="0"/>
        <line num="46" type="stmt" count="0"/>
        <line num="47" type="stmt" count="0"/>
        <metrics loc="50" ncloc="50" classes="1" methods="2" coveredmethods="0" conditionals="0" coveredconditionals="0" statements="22" coveredstatements="15" elements="24" coveredelements="15"/>
      </file>
    </package>
    <package name="App\Http\Controllers">
      <file name="/var/www/html/app/Http/Controllers/Controller.php">
        <class name="App\Http\Controllers\Controller" namespace="App\Http\Controllers">
          <metrics complexity="0" methods="0" coveredmethods="0" conditionals="0" coveredconditionals="0" statements="0" coveredstatements="0" elements="0" coveredelements="0"/>
        </class>
        <metrics loc="9" ncloc="8" classes="0" methods="0" coveredmethods="0" conditionals="0" coveredconditionals="0" statements="0" coveredstatements="0" elements="0" coveredelements="0"/>
      </file>
      <file name="/var/www/html/app/Http/Controllers/WebhookController.php">
        <class name="App\Http\Controllers\WebhookController" namespace="App\Http\Controllers">
          <metrics complexity="28" methods="8" coveredmethods="0" conditionals="0" coveredconditionals="0" statements="120" coveredstatements="0" elements="128" coveredelements="0"/>
        </class>
        <line num="21" type="method" name="__construct" visibility="public" complexity="1" crap="2" count="0"/>
        <line num="27" type="stmt" count="0"/>
        <line num="29" type="method" name="handleStripeWebhook" visibility="public" complexity="11" crap="132" count="0"/>
        <line num="31" type="stmt" count="0"/>
        <line num="32" type="stmt" count="0"/>
        <line num="33" type="stmt" count="0"/>
        <line num="36" type="stmt" count="0"/>
        <line num="37" type="stmt" count="0"/>
        <line num="38" type="stmt" count="0"/>
        <line num="39" type="stmt" count="0"/>
        <line num="40" type="stmt" count="0"/>
        <line num="41" type="stmt" count="0"/>
        <line num="42" type="stmt" count="0"/>
        <line num="44" type="stmt" count="0"/>
        <line num="45" type="stmt" count="0"/>
        <line num="46" type="stmt" count="0"/>
        <line num="48" type="stmt" count="0"/>
        <line num="53" type="stmt" count="0"/>
        <line num="54" type="stmt" count="0"/>
        <line num="55" type="stmt" count="0"/>
        <line num="56" type="stmt" count="0"/>
        <line num="57" type="stmt" count="0"/>
        <line num="58" type="stmt" count="0"/>
        <line num="59" type="stmt" count="0"/>
        <line num="60" type="stmt" count="0"/>
        <line num="61" type="stmt" count="0"/>
        <line num="63" type="stmt" count="0"/>
        <line num="64" type="stmt" count="0"/>
        <line num="65" type="stmt" count="0"/>
        <line num="66" type="stmt" count="0"/>
        <line num="67" type="stmt" count="0"/>
        <line num="68" type="stmt" count="0"/>
        <line num="70" type="stmt" count="0"/>
        <line num="74" type="method" name="handleCheckoutSessionCompleted" visibility="private" complexity="4" crap="20" count="0"/>
        <line num="76" type="stmt" count="0"/>
        <line num="77" type="stmt" count="0"/>
        <line num="79" type="stmt" count="0"/>
        <line num="80" type="stmt" count="0"/>
        <line num="81" type="stmt" count="0"/>
        <line num="82" type="stmt" count="0"/>
        <line num="84" type="stmt" count="0"/>
        <line num="87" type="stmt" count="0"/>
        <line num="88" type="stmt" count="0"/>
        <line num="89" type="stmt" count="0"/>
        <line num="91" type="stmt" count="0"/>
        <line num="95" type="stmt" count="0"/>
        <line num="97" type="stmt" count="0"/>
        <line num="98" type="stmt" count="0"/>
        <line num="99" type="stmt" count="0"/>
        <line num="100" type="stmt" count="0"/>
        <line num="101" type="stmt" count="0"/>
        <line num="102" type="stmt" count="0"/>
        <line num="103" type="stmt" count="0"/>
        <line num="105" type="stmt" count="0"/>
        <line num="106" type="stmt" count="0"/>
        <line num="107" type="stmt" count="0"/>
        <line num="108" type="stmt" count="0"/>
        <line num="109" type="stmt" count="0"/>
        <line num="112" type="method" name="handleSubscriptionCreated" visibility="private" complexity="1" crap="2" count="0"/>
        <line num="114" type="stmt" count="0"/>
        <line num="115" type="stmt" count="0"/>
        <line num="116" type="stmt" count="0"/>
        <line num="117" type="stmt" count="0"/>
        <line num="123" type="method" name="handleSubscriptionUpdated" visibility="private" complexity="2" crap="6" count="0"/>
        <line num="125" type="stmt" count="0"/>
        <line num="126" type="stmt" count="0"/>
        <line num="127" type="stmt" count="0"/>
        <line num="128" type="stmt" count="0"/>
        <line num="130" type="stmt" count="0"/>
        <line num="131" type="stmt" count="0"/>
        <line num="132" type="stmt" count="0"/>
        <line num="133" type="stmt" count="0"/>
        <line num="135" type="stmt" count="0"/>
        <line num="138" type="stmt" count="0"/>
        <line num="139" type="stmt" count="0"/>
        <line num="140" type="stmt" count="0"/>
        <line num="141" type="stmt" count="0"/>
        <line num="142" type="stmt" count="0"/>
        <line num="144" type="stmt" count="0"/>
        <line num="145" type="stmt" count="0"/>
        <line num="146" type="stmt" count="0"/>
        <line num="147" type="stmt" count="0"/>
        <line num="150" type="method" name="handleSubscriptionDeleted" visibility="private" complexity="2" crap="6" count="0"/>
        <line num="152" type="stmt" count="0"/>
        <line num="153" type="stmt" count="0"/>
        <line num="154" type="stmt" count="0"/>
        <line num="155" type="stmt" count="0"/>
        <line num="157" type="stmt" count="0"/>
        <line num="158" type="stmt" count="0"/>
        <line num="159" type="stmt" count="0"/>
        <line num="160" type="stmt" count="0"/>
        <line num="162" type="stmt" count="0"/>
        <line num="165" type="stmt" count="0"/>
        <line num="167" type="stmt" count="0"/>
        <line num="168" type="stmt" count="0"/>
        <line num="169" type="stmt" count="0"/>
        <line num="172" type="method" name="handleInvoicePaymentSucceeded" visibility="private" complexity="4" crap="20" count="0"/>
        <line num="174" type="stmt" count="0"/>
        <line num="175" type="stmt" count="0"/>
        <line num="176" type="stmt" count="0"/>
        <line num="177" type="stmt" count="0"/>
        <line num="178" type="stmt" count="0"/>
        <line num="181" type="stmt" count="0"/>
        <line num="182" type="stmt" count="0"/>
        <line num="183" type="stmt" count="0"/>
        <line num="184" type="stmt" count="0"/>
        <line num="185" type="stmt" count="0"/>
        <line num="187" type="stmt" count="0"/>
        <line num="188" type="stmt" count="0"/>
        <line num="189" type="stmt" count="0"/>
        <line num="190" type="stmt" count="0"/>
        <line num="191" type="stmt" count="0"/>
        <line num="196" type="method" name="handleInvoicePaymentFailed" visibility="private" complexity="3" crap="12" count="0"/>
        <line num="198" type="stmt" count="0"/>
        <line num="199" type="stmt" count="0"/>
        <line num="200" type="stmt" count="0"/>
        <line num="201" type="stmt" count="0"/>
        <line num="202" type="stmt" count="0"/>
        <line num="205" type="stmt" count="0"/>
        <line num="206" type="stmt" count="0"/>
        <line num="207" type="stmt" count="0"/>
        <line num="208" type="stmt" count="0"/>
        <line num="209" type="stmt" count="0"/>
        <line num="211" type="stmt" count="0"/>
        <line num="212" type="stmt" count="0"/>
        <line num="213" type="stmt" count="0"/>
        <line num="214" type="stmt" count="0"/>
        <line num="215" type="stmt" count="0"/>
        <metrics loc="221" ncloc="215" classes="1" methods="8" coveredmethods="0" conditionals="0" coveredconditionals="0" statements="120" coveredstatements="0" elements="128" coveredelements="0"/>
      </file>
    </package>
    <package name="App\Http\Middleware">
      <file name="/var/www/html/app/Http/Middleware/AdminAuthenticate.php">
        <class name="App\Http\Middleware\AdminAuthenticate" namespace="App\Http\Middleware">
          <metrics complexity="3" methods="1" coveredmethods="0" conditionals="0" coveredconditionals="0" statements="5" coveredstatements="4" elements="6" coveredelements="4"/>
        </class>
        <line num="21" type="method" name="handle" visibility="public" complexity="3" crap="3.07" count="22"/>
        <line num="23" type="stmt" count="22"/>
        <line num="24" type="stmt" count="13"/>
        <line num="25" type="stmt" count="0"/>
        <line num="28" type="stmt" count="13"/>
        <line num="31" type="stmt" count="9"/>
        <metrics loc="35" ncloc="27" classes="1" methods="1" coveredmethods="0" conditionals="0" coveredconditionals="0" statements="5" coveredstatements="4" elements="6" coveredelements="4"/>
      </file>
      <file name="/var/www/html/app/Http/Middleware/CheckDailyCardLimit.php">
        <class name="App\Http\Middleware\CheckDailyCardLimit" namespace="App\Http\Middleware">
          <metrics complexity="13" methods="3" coveredmethods="0" conditionals="0" coveredconditionals="0" statements="26" coveredstatements="0" elements="29" coveredelements="0"/>
        </class>
        <line num="17" type="method" name="__construct" visibility="public" complexity="1" crap="2" count="0"/>
        <line num="22" type="stmt" count="0"/>
        <line num="29" type="method" name="handle" visibility="public" complexity="5" crap="30" count="0"/>
        <line num="31" type="stmt" count="0"/>
        <line num="32" type="stmt" count="0"/>
        <line num="35" type="stmt" count="0"/>
        <line num="38" type="stmt" count="0"/>
        <line num="39" type="stmt" count="0"/>
        <line num="43" type="stmt" count="0"/>
        <line num="44" type="stmt" count="0"/>
        <line num="45" type="stmt" count="0"/>
        <line num="47" type="stmt" count="0"/>
        <line num="48" type="stmt" count="0"/>
        <line num="49" type="stmt" count="0"/>
        <line num="52" type="stmt" count="0"/>
        <line num="53" type="stmt" count="0"/>
        <line num="54" type="stmt" count="0"/>
        <line num="57" type="stmt" count="0"/>
        <line num="60" type="method" name="getDailyLimit" visibility="private" complexity="7" crap="56" count="0"/>
        <line num="63" type="stmt" count="0"/>
        <line num="64" type="stmt" count="0"/>
        <line num="68" type="stmt" count="0"/>
        <line num="70" type="stmt" count="0"/>
        <line num="71" type="stmt" count="0"/>
        <line num="75" type="stmt" count="0"/>
        <line num="76" type="stmt" count="0"/>
        <line num="77" type="stmt" count="0"/>
        <line num="78" type="stmt" count="0"/>
        <line num="79" type="stmt" count="0"/>
        <metrics loc="83" ncloc="67" classes="1" methods="3" coveredmethods="0" conditionals="0" coveredconditionals="0" statements="26" coveredstatements="0" elements="29" coveredelements="0"/>
      </file>
      <file name="/var/www/html/app/Http/Middleware/CheckSubscription.php">
        <class name="App\Http\Middleware\CheckSubscription" namespace="App\Http\Middleware">
          <metrics complexity="7" methods="2" coveredmethods="0" conditionals="0" coveredconditionals="0" statements="16" coveredstatements="0" elements="18" coveredelements="0"/>
        </class>
        <line num="16" type="method" name="__construct" visibility="public" complexity="1" crap="2" count="0"/>
        <line num="20" type="stmt" count="0"/>
        <line num="27" type="method" name="handle" visibility="public" complexity="6" crap="42" count="0"/>
        <line num="29" type="stmt" count="0"/>
        <line num="30" type="stmt" count="0"/>
        <line num="33" type="stmt" count="0"/>
        <line num="34" type="stmt" count="0"/>
        <line num="38" type="stmt" count="0"/>
        <line num="39" type="stmt" count="0"/>
        <line num="40" type="stmt" count="0"/>
        <line num="44" type="stmt" count="0"/>
        <line num="46" type="stmt" count="0"/>
        <line num="47" type="stmt" count="0"/>
        <line num="48" type="stmt" count="0"/>
        <line num="52" type="stmt" count="0"/>
        <line num="53" type="stmt" count="0"/>
        <line num="54" type="stmt" count="0"/>
        <line num="57" type="stmt" count="0"/>
        <metrics loc="61" ncloc="52" classes="1" methods="2" coveredmethods="0" conditionals="0" coveredconditionals="0" statements="16" coveredstatements="0" elements="18" coveredelements="0"/>
      </file>
      <file name="/var/www/html/app/Http/Middleware/ContentSecurityPolicy.php">
        <class name="App\Http\Middleware\ContentSecurityPolicy" namespace="App\Http\Middleware">
          <metrics complexity="3" methods="1" coveredmethods="0" conditionals="0" coveredconditionals="0" statements="24" coveredstatements="21" elements="25" coveredelements="21"/>
        </class>
        <line num="18" type="method" name="handle" visibility="public" complexity="3" crap="3.02" count="105"/>
        <line num="20" type="stmt" count="105"/>
        <line num="23" type="stmt" count="105"/>
        <line num="26" type="stmt" count="105"/>
        <line num="27" type="stmt" count="105"/>
        <line num="28" type="stmt" count="105"/>
        <line num="29" type="stmt" count="105"/>
        <line num="30" type="stmt" count="105"/>
        <line num="31" type="stmt" count="105"/>
        <line num="32" type="stmt" count="105"/>
        <line num="33" type="stmt" count="105"/>
        <line num="36" type="stmt" count="105"/>
        <line num="38" type="stmt" count="0"/>
        <line num="39" type="stmt" count="0"/>
        <line num="42" type="stmt" count="105"/>
        <line num="43" type="stmt" count="105"/>
        <line num="47" type="stmt" count="105"/>
        <line num="48" type="stmt" count="0"/>
        <line num="50" type="stmt" count="105"/>
        <line num="53" type="stmt" count="105"/>
        <line num="56" type="stmt" count="105"/>
        <line num="57" type="stmt" count="105"/>
        <line num="58" type="stmt" count="105"/>
        <line num="59" type="stmt" count="105"/>
        <line num="61" type="stmt" count="105"/>
        <metrics loc="65" ncloc="53" classes="1" methods="1" coveredmethods="0" conditionals="0" coveredconditionals="0" statements="24" coveredstatements="21" elements="25" coveredelements="21"/>
      </file>
      <file name="/var/www/html/app/Http/Middleware/EnsureUserIsAdmin.php">
        <class name="App\Http\Middleware\EnsureUserIsAdmin" namespace="App\Http\Middleware">
          <metrics complexity="2" methods="1" coveredmethods="0" conditionals="0" coveredconditionals="0" statements="3" coveredstatements="0" elements="4" coveredelements="0"/>
        </class>
        <line num="18" type="method" name="handle" visibility="public" complexity="2" crap="6" count="0"/>
        <line num="21" type="stmt" count="0"/>
        <line num="22" type="stmt" count="0"/>
        <line num="25" type="stmt" count="0"/>
        <metrics loc="28" ncloc="22" classes="1" methods="1" coveredmethods="0" conditionals="0" coveredconditionals="0" statements="3" coveredstatements="0" elements="4" coveredelements="0"/>
      </file>
      <file name="/var/www/html/app/Http/Middleware/SetLocale.php">
        <class name="App\Http\Middleware\SetLocale" namespace="App\Http\Middleware">
          <metrics complexity="7" methods="2" coveredmethods="1" conditionals="0" coveredconditionals="0" statements="10" coveredstatements="9" elements="12" coveredelements="10"/>
        </class>
        <line num="14" type="method" name="__construct" visibility="public" complexity="1" crap="1" count="107"/>
        <line num="21" type="method" name="handle" visibility="public" complexity="6" crap="6.05" count="105"/>
        <line num="23" type="stmt" count="105"/>
        <line num="26" type="stmt" count="105"/>
        <line num="27" type="stmt" count="39"/>
        <line num="31" type="stmt" count="105"/>
        <line num="32" type="stmt" count="103"/>
        <line num="36" type="stmt" count="105"/>
        <line num="37" type="stmt" count="0"/>
        <line num="40" type="stmt" count="105"/>
        <line num="42" type="stmt" count="105"/>
        <metrics loc="46" ncloc="38" classes="1" methods="2" coveredmethods="1" conditionals="0" coveredconditionals="0" statements="10" coveredstatements="9" elements="12" coveredelements="10"/>
      </file>
    </package>
    <package name="App\Livewire\Admin">
      <file name="/var/www/html/app/Livewire/Admin/CardManagement.php">
        <class name="App\Livewire\Admin\CardManagement" namespace="App\Livewire\Admin">
          <metrics complexity="19" methods="9" coveredmethods="7" conditionals="0" coveredconditionals="0" statements="89" coveredstatements="79" elements="98" coveredelements="86"/>
        </class>
        <line num="35" type="method" name="updatedCorrectAnswerIndices" visibility="public" complexity="1" crap="1" count="3"/>
        <line num="37" type="stmt" count="3"/>
        <line num="40" type="method" name="updatedAnswerChoices" visibility="public" complexity="1" crap="1" count="3"/>
        <line num="42" type="stmt" count="3"/>
        <line num="45" type="method" name="updateAnswerFromCorrectChoices" visibility="private" complexity="5" crap="5" count="3"/>
        <line num="47" type="stmt" count="3"/>
        <line num="48" type="stmt" count="3"/>
        <line num="49" type="stmt" count="3"/>
        <line num="50" type="stmt" count="3"/>
        <line num="51" type="stmt" count="3"/>
        <line num="54" type="stmt" count="3"/>
        <line num="61" type="method" name="toggleCorrectAnswer" visibility="public" complexity="3" crap="12" count="0"/>
        <line num="63" type="stmt" count="0"/>
        <line num="65" type="stmt" count="0"/>
        <line num="66" type="stmt" count="0"/>
        <line num="67" type="stmt" count="0"/>
        <line num="68" type="stmt" count="0"/>
        <line num="69" type="stmt" count="0"/>
        <line num="72" type="stmt" count="0"/>
        <line num="73" type="stmt" count="0"/>
        <line num="75" type="stmt" count="0"/>
        <line num="78" type="method" name="render" visibility="public" complexity="1" crap="1" count="10"/>
        <line num="80" type="stmt" count="10"/>
        <line num="81" type="stmt" count="10"/>
        <line num="83" type="stmt" count="10"/>
        <line num="84" type="stmt" count="10"/>
        <line num="85" type="stmt" count="10"/>
        <line num="86" type="stmt" count="10"/>
        <line num="89" type="method" name="createCard" visibility="public" complexity="2" crap="2" count="3"/>
        <line num="91" type="stmt" count="3"/>
        <line num="92" type="stmt" count="3"/>
        <line num="93" type="stmt" count="3"/>
        <line num="94" type="stmt" count="3"/>
        <line num="95" type="stmt" count="3"/>
        <line num="96" type="stmt" count="3"/>
        <line num="97" type="stmt" count="3"/>
        <line num="98" type="stmt" count="3"/>
        <line num="99" type="stmt" count="3"/>
        <line num="100" type="stmt" count="3"/>
        <line num="102" type="stmt" count="3"/>
        <line num="103" type="stmt" count="3"/>
        <line num="104" type="stmt" count="1"/>
        <line num="107" type="stmt" count="3"/>
        <line num="109" type="stmt" count="3"/>
        <line num="110" type="stmt" count="3"/>
        <line num="111" type="stmt" count="3"/>
        <line num="112" type="stmt" count="3"/>
        <line num="113" type="stmt" count="3"/>
        <line num="114" type="stmt" count="3"/>
        <line num="115" type="stmt" count="3"/>
        <line num="116" type="stmt" count="3"/>
        <line num="117" type="stmt" count="3"/>
        <line num="119" type="stmt" count="3"/>
        <line num="120" type="stmt" count="3"/>
        <line num="121" type="stmt" count="3"/>
        <line num="122" type="stmt" count="3"/>
        <line num="125" type="method" name="editCard" visibility="public" complexity="2" crap="2" count="1"/>
        <line num="127" type="stmt" count="1"/>
        <line num="128" type="stmt" count="1"/>
        <line num="129" type="stmt" count="1"/>
        <line num="130" type="stmt" count="1"/>
        <line num="131" type="stmt" count="1"/>
        <line num="132" type="stmt" count="1"/>
        <line num="133" type="stmt" count="1"/>
        <line num="134" type="stmt" count="1"/>
        <line num="138" type="method" name="updateCard" visibility="public" complexity="3" crap="3" count="1"/>
        <line num="140" type="stmt" count="1"/>
        <line num="141" type="stmt" count="1"/>
        <line num="142" type="stmt" count="1"/>
        <line num="143" type="stmt" count="1"/>
        <line num="144" type="stmt" count="1"/>
        <line num="145" type="stmt" count="1"/>
        <line num="146" type="stmt" count="1"/>
        <line num="147" type="stmt" count="1"/>
        <line num="148" type="stmt" count="1"/>
        <line num="149" type="stmt" count="1"/>
        <line num="150" type="stmt" count="1"/>
        <line num="152" type="stmt" count="1"/>
        <line num="153" type="stmt" count="1"/>
        <line num="154" type="stmt" count="0"/>
        <line num="157" type="stmt" count="1"/>
        <line num="159" type="stmt" count="1"/>
        <line num="160" type="stmt" count="1"/>
        <line num="161" type="stmt" count="1"/>
        <line num="162" type="stmt" count="1"/>
        <line num="163" type="stmt" count="1"/>
        <line num="164" type="stmt" count="1"/>
        <line num="165" type="stmt" count="1"/>
        <line num="166" type="stmt" count="1"/>
        <line num="167" type="stmt" count="1"/>
        <line num="168" type="stmt" count="1"/>
        <line num="170" type="stmt" count="1"/>
        <line num="171" type="stmt" count="1"/>
        <line num="172" type="stmt" count="1"/>
        <line num="173" type="stmt" count="1"/>
        <line num="177" type="method" name="deleteCard" visibility="public" complexity="1" crap="1" count="1"/>
        <line num="179" type="stmt" count="1"/>
        <line num="180" type="stmt" count="1"/>
        <metrics loc="183" ncloc="178" classes="1" methods="9" coveredmethods="7" conditionals="0" coveredconditionals="0" statements="89" coveredstatements="79" elements="98" coveredelements="86"/>
      </file>
      <file name="/var/www/html/app/Livewire/Admin/Dashboard.php">
        <class name="App\Livewire\Admin\Dashboard" namespace="App\Livewire\Admin">
          <metrics complexity="1" methods="1" coveredmethods="1" conditionals="0" coveredconditionals="0" statements="8" coveredstatements="8" elements="9" coveredelements="9"/>
        </class>
        <line num="14" type="method" name="render" visibility="public" complexity="1" crap="1" count="13"/>
        <line num="19" type="stmt" count="13"/>
        <line num="20" type="stmt" count="13"/>
        <line num="21" type="stmt" count="13"/>
        <line num="23" type="stmt" count="13"/>
        <line num="24" type="stmt" count="13"/>
        <line num="25" type="stmt" count="13"/>
        <line num="26" type="stmt" count="13"/>
        <line num="27" type="stmt" count="13"/>
        <metrics loc="30" ncloc="30" classes="1" methods="1" coveredmethods="1" conditionals="0" coveredconditionals="0" statements="8" coveredstatements="8" elements="9" coveredelements="9"/>
      </file>
      <file name="/var/www/html/app/Livewire/Admin/DeckImport.php">
        <class name="App\Livewire\Admin\DeckImport" namespace="App\Livewire\Admin">
          <metrics complexity="7" methods="3" coveredmethods="0" conditionals="0" coveredconditionals="0" statements="48" coveredstatements="0" elements="51" coveredelements="0"/>
        </class>
        <line num="28" type="method" name="render" visibility="public" complexity="1" crap="2" count="0"/>
        <line num="30" type="stmt" count="0"/>
        <line num="32" type="stmt" count="0"/>
        <line num="33" type="stmt" count="0"/>
        <line num="34" type="stmt" count="0"/>
        <line num="35" type="stmt" count="0"/>
        <line num="37" type="stmt" count="0"/>
        <line num="38" type="stmt" count="0"/>
        <line num="39" type="stmt" count="0"/>
        <line num="42" type="method" name="import" visibility="public" complexity="5" crap="30" count="0"/>
        <line num="45" type="stmt" count="0"/>
        <line num="46" type="stmt" count="0"/>
        <line num="47" type="stmt" count="0"/>
        <line num="48" type="stmt" count="0"/>
        <line num="50" type="stmt" count="0"/>
        <line num="51" type="stmt" count="0"/>
        <line num="52" type="stmt" count="0"/>
        <line num="54" type="stmt" count="0"/>
        <line num="55" type="stmt" count="0"/>
        <line num="56" type="stmt" count="0"/>
        <line num="59" type="stmt" count="0"/>
        <line num="60" type="stmt" count="0"/>
        <line num="61" type="stmt" count="0"/>
        <line num="62" type="stmt" count="0"/>
        <line num="63" type="stmt" count="0"/>
        <line num="64" type="stmt" count="0"/>
        <line num="66" type="stmt" count="0"/>
        <line num="69" type="stmt" count="0"/>
        <line num="70" type="stmt" count="0"/>
        <line num="71" type="stmt" count="0"/>
        <line num="72" type="stmt" count="0"/>
        <line num="75" type="stmt" count="0"/>
        <line num="78" type="stmt" count="0"/>
        <line num="79" type="stmt" count="0"/>
        <line num="80" type="stmt" count="0"/>
        <line num="81" type="stmt" count="0"/>
        <line num="82" type="stmt" count="0"/>
        <line num="83" type="stmt" count="0"/>
        <line num="84" type="stmt" count="0"/>
        <line num="86" type="stmt" count="0"/>
        <line num="87" type="stmt" count="0"/>
        <line num="88" type="stmt" count="0"/>
        <line num="90" type="stmt" count="0"/>
        <line num="91" type="stmt" count="0"/>
        <line num="94" type="stmt" count="0"/>
        <line num="95" type="stmt" count="0"/>
        <line num="100" type="method" name="downloadTemplate" visibility="public" complexity="1" crap="2" count="0"/>
        <line num="102" type="stmt" count="0"/>
        <line num="103" type="stmt" count="0"/>
        <line num="104" type="stmt" count="0"/>
        <line num="105" type="stmt" count="0"/>
        <metrics loc="108" ncloc="100" classes="1" methods="3" coveredmethods="0" conditionals="0" coveredconditionals="0" statements="48" coveredstatements="0" elements="51" coveredelements="0"/>
      </file>
      <file name="/var/www/html/app/Livewire/Admin/DeckImportManager.php">
        <class name="App\Livewire\Admin\DeckImportManager" namespace="App\Livewire\Admin">
          <metrics complexity="17" methods="9" coveredmethods="1" conditionals="0" coveredconditionals="0" statements="75" coveredstatements="14" elements="84" coveredelements="15"/>
        </class>
        <line num="39" type="method" name="render" visibility="public" complexity="1" crap="1" count="1"/>
        <line num="41" type="stmt" count="1"/>
        <line num="43" type="stmt" count="1"/>
        <line num="44" type="stmt" count="1"/>
        <line num="45" type="stmt" count="1"/>
        <line num="46" type="stmt" count="1"/>
        <line num="48" type="stmt" count="1"/>
        <line num="50" type="stmt" count="1"/>
        <line num="51" type="stmt" count="1"/>
        <line num="52" type="stmt" count="1"/>
        <line num="53" type="stmt" count="1"/>
        <line num="54" type="stmt" count="1"/>
        <line num="55" type="stmt" count="1"/>
        <line num="56" type="stmt" count="1"/>
        <line num="57" type="stmt" count="1"/>
        <line num="60" type="method" name="updatedFile" visibility="public" complexity="1" crap="2" count="0"/>
        <line num="63" type="stmt" count="0"/>
        <line num="66" type="method" name="validateFile" visibility="public" complexity="2" crap="6" count="0"/>
        <line num="68" type="stmt" count="0"/>
        <line num="69" type="stmt" count="0"/>
        <line num="70" type="stmt" count="0"/>
        <line num="71" type="stmt" count="0"/>
        <line num="73" type="stmt" count="0"/>
        <line num="74" type="stmt" count="0"/>
        <line num="76" type="stmt" count="0"/>
        <line num="79" type="method" name="import" visibility="public" complexity="7" crap="56" count="0"/>
        <line num="82" type="stmt" count="0"/>
        <line num="83" type="stmt" count="0"/>
        <line num="84" type="stmt" count="0"/>
        <line num="85" type="stmt" count="0"/>
        <line num="86" type="stmt" count="0"/>
        <line num="87" type="stmt" count="0"/>
        <line num="89" type="stmt" count="0"/>
        <line num="90" type="stmt" count="0"/>
        <line num="92" type="stmt" count="0"/>
        <line num="96" type="stmt" count="0"/>
        <line num="97" type="stmt" count="0"/>
        <line num="98" type="stmt" count="0"/>
        <line num="99" type="stmt" count="0"/>
        <line num="100" type="stmt" count="0"/>
        <line num="102" type="stmt" count="0"/>
        <line num="103" type="stmt" count="0"/>
        <line num="104" type="stmt" count="0"/>
        <line num="106" type="stmt" count="0"/>
        <line num="109" type="stmt" count="0"/>
        <line num="111" type="stmt" count="0"/>
        <line num="114" type="stmt" count="0"/>
        <line num="115" type="stmt" count="0"/>
        <line num="116" type="stmt" count="0"/>
        <line num="119" type="stmt" count="0"/>
        <line num="120" type="stmt" count="0"/>
        <line num="121" type="stmt" count="0"/>
        <line num="122" type="stmt" count="0"/>
        <line num="123" type="stmt" count="0"/>
        <line num="124" type="stmt" count="0"/>
        <line num="125" type="stmt" count="0"/>
        <line num="126" type="stmt" count="0"/>
        <line num="127" type="stmt" count="0"/>
        <line num="130" type="stmt" count="0"/>
        <line num="131" type="stmt" count="0"/>
        <line num="134" type="stmt" count="0"/>
        <line num="135" type="stmt" count="0"/>
        <line num="136" type="stmt" count="0"/>
        <line num="137" type="stmt" count="0"/>
        <line num="141" type="method" name="currentImport" visibility="public" complexity="2" crap="6" count="0"/>
        <line num="144" type="stmt" count="0"/>
        <line num="145" type="stmt" count="0"/>
        <line num="148" type="stmt" count="0"/>
        <line num="151" type="method" name="refreshImportStatus" visibility="public" complexity="1" crap="2" count="0"/>
        <line num="155" type="stmt" count="0"/>
        <line num="158" type="method" name="closeProgressModal" visibility="public" complexity="1" crap="2" count="0"/>
        <line num="160" type="stmt" count="0"/>
        <line num="161" type="stmt" count="0"/>
        <line num="162" type="stmt" count="0"/>
        <line num="165" type="method" name="downloadTemplate" visibility="public" complexity="1" crap="2" count="0"/>
        <line num="167" type="stmt" count="0"/>
        <line num="168" type="stmt" count="0"/>
        <line num="169" type="stmt" count="0"/>
        <line num="170" type="stmt" count="0"/>
        <line num="173" type="method" name="downloadTxtTemplate" visibility="public" complexity="1" crap="2" count="0"/>
        <line num="175" type="stmt" count="0"/>
        <line num="176" type="stmt" count="0"/>
        <line num="177" type="stmt" count="0"/>
        <line num="178" type="stmt" count="0"/>
        <metrics loc="181" ncloc="172" classes="1" methods="9" coveredmethods="1" conditionals="0" coveredconditionals="0" statements="75" coveredstatements="14" elements="84" coveredelements="15"/>
      </file>
      <file name="/var/www/html/app/Livewire/Admin/DeckManagement.php">
        <class name="App\Livewire\Admin\DeckManagement" namespace="App\Livewire\Admin">
          <metrics complexity="7" methods="5" coveredmethods="5" conditionals="0" coveredconditionals="0" statements="38" coveredstatements="38" elements="43" coveredelements="43"/>
        </class>
        <line num="24" type="method" name="render" visibility="public" complexity="1" crap="1" count="9"/>
        <line num="26" type="stmt" count="9"/>
        <line num="28" type="stmt" count="9"/>
        <line num="29" type="stmt" count="9"/>
        <line num="30" type="stmt" count="9"/>
        <line num="33" type="method" name="createDeck" visibility="public" complexity="1" crap="1" count="1"/>
        <line num="35" type="stmt" count="1"/>
        <line num="36" type="stmt" count="1"/>
        <line num="37" type="stmt" count="1"/>
        <line num="38" type="stmt" count="1"/>
        <line num="40" type="stmt" count="1"/>
        <line num="41" type="stmt" count="1"/>
        <line num="42" type="stmt" count="1"/>
        <line num="43" type="stmt" count="1"/>
        <line num="44" type="stmt" count="1"/>
        <line num="45" type="stmt" count="1"/>
        <line num="46" type="stmt" count="1"/>
        <line num="48" type="stmt" count="1"/>
        <line num="49" type="stmt" count="1"/>
        <line num="52" type="method" name="editDeck" visibility="public" complexity="2" crap="2" count="1"/>
        <line num="54" type="stmt" count="1"/>
        <line num="55" type="stmt" count="1"/>
        <line num="56" type="stmt" count="1"/>
        <line num="57" type="stmt" count="1"/>
        <line num="58" type="stmt" count="1"/>
        <line num="59" type="stmt" count="1"/>
        <line num="63" type="method" name="updateDeck" visibility="public" complexity="2" crap="2" count="1"/>
        <line num="65" type="stmt" count="1"/>
        <line num="66" type="stmt" count="1"/>
        <line num="67" type="stmt" count="1"/>
        <line num="68" type="stmt" count="1"/>
        <line num="69" type="stmt" count="1"/>
        <line num="71" type="stmt" count="1"/>
        <line num="72" type="stmt" count="1"/>
        <line num="73" type="stmt" count="1"/>
        <line num="74" type="stmt" count="1"/>
        <line num="75" type="stmt" count="1"/>
        <line num="76" type="stmt" count="1"/>
        <line num="77" type="stmt" count="1"/>
        <line num="78" type="stmt" count="1"/>
        <line num="82" type="method" name="deleteDeck" visibility="public" complexity="1" crap="1" count="1"/>
        <line num="84" type="stmt" count="1"/>
        <line num="85" type="stmt" count="1"/>
        <metrics loc="88" ncloc="88" classes="1" methods="5" coveredmethods="5" conditionals="0" coveredconditionals="0" statements="38" coveredstatements="38" elements="43" coveredelements="43"/>
      </file>
      <file name="/var/www/html/app/Livewire/Admin/UserManagement.php">
        <class name="App\Livewire\Admin\UserManagement" namespace="App\Livewire\Admin">
          <metrics complexity="1" methods="1" coveredmethods="1" conditionals="0" coveredconditionals="0" statements="4" coveredstatements="4" elements="5" coveredelements="5"/>
        </class>
        <line num="12" type="method" name="render" visibility="public" complexity="1" crap="1" count="8"/>
        <line num="14" type="stmt" count="8"/>
        <line num="16" type="stmt" count="8"/>
        <line num="17" type="stmt" count="8"/>
        <line num="18" type="stmt" count="8"/>
        <metrics loc="21" ncloc="21" classes="1" methods="1" coveredmethods="1" conditionals="0" coveredconditionals="0" statements="4" coveredstatements="4" elements="5" coveredelements="5"/>
      </file>
    </package>
    <package name="App\Livewire">
      <file name="/var/www/html/app/Livewire/Dashboard.php">
        <class name="App\Livewire\Dashboard" namespace="App\Livewire">
          <metrics complexity="26" methods="2" coveredmethods="0" conditionals="0" coveredconditionals="0" statements="121" coveredstatements="116" elements="123" coveredelements="116"/>
        </class>
        <line num="16" type="method" name="formatTimeUntil" visibility="private" complexity="12" crap="17.33" count="6"/>
        <line num="18" type="stmt" count="6"/>
        <line num="19" type="stmt" count="6"/>
        <line num="21" type="stmt" count="6"/>
        <line num="23" type="stmt" count="4"/>
        <line num="24" type="stmt" count="4"/>
        <line num="26" type="stmt" count="0"/>
        <line num="27" type="stmt" count="2"/>
        <line num="29" type="stmt" count="2"/>
        <line num="30" type="stmt" count="2"/>
        <line num="32" type="stmt" count="0"/>
        <line num="35" type="stmt" count="0"/>
        <line num="36" type="stmt" count="0"/>
        <line num="40" type="method" name="render" visibility="public" complexity="14" crap="14" count="30"/>
        <line num="46" type="stmt" count="30"/>
        <line num="47" type="stmt" count="30"/>
        <line num="48" type="stmt" count="30"/>
        <line num="49" type="stmt" count="30"/>
        <line num="50" type="stmt" count="30"/>
        <line num="51" type="stmt" count="30"/>
        <line num="52" type="stmt" count="30"/>
        <line num="53" type="stmt" count="30"/>
        <line num="56" type="stmt" count="30"/>
        <line num="57" type="stmt" count="30"/>
        <line num="58" type="stmt" count="30"/>
        <line num="59" type="stmt" count="8"/>
        <line num="61" type="stmt" count="8"/>
        <line num="62" type="stmt" count="30"/>
        <line num="63" type="stmt" count="30"/>
        <line num="64" type="stmt" count="30"/>
        <line num="67" type="stmt" count="30"/>
        <line num="68" type="stmt" count="30"/>
        <line num="69" type="stmt" count="30"/>
        <line num="70" type="stmt" count="30"/>
        <line num="71" type="stmt" count="30"/>
        <line num="72" type="stmt" count="8"/>
        <line num="74" type="stmt" count="8"/>
        <line num="75" type="stmt" count="30"/>
        <line num="76" type="stmt" count="30"/>
        <line num="78" type="stmt" count="30"/>
        <line num="79" type="stmt" count="30"/>
        <line num="80" type="stmt" count="30"/>
        <line num="81" type="stmt" count="30"/>
        <line num="85" type="stmt" count="30"/>
        <line num="86" type="stmt" count="8"/>
        <line num="88" type="stmt" count="8"/>
        <line num="89" type="stmt" count="8"/>
        <line num="90" type="stmt" count="8"/>
        <line num="91" type="stmt" count="8"/>
        <line num="92" type="stmt" count="30"/>
        <line num="94" type="stmt" count="30"/>
        <line num="95" type="stmt" count="7"/>
        <line num="97" type="stmt" count="7"/>
        <line num="98" type="stmt" count="7"/>
        <line num="99" type="stmt" count="7"/>
        <line num="100" type="stmt" count="7"/>
        <line num="101" type="stmt" count="30"/>
        <line num="104" type="stmt" count="30"/>
        <line num="105" type="stmt" count="12"/>
        <line num="106" type="stmt" count="12"/>
        <line num="109" type="stmt" count="12"/>
        <line num="110" type="stmt" count="12"/>
        <line num="111" type="stmt" count="12"/>
        <line num="112" type="stmt" count="12"/>
        <line num="113" type="stmt" count="12"/>
        <line num="116" type="stmt" count="12"/>
        <line num="117" type="stmt" count="2"/>
        <line num="118" type="stmt" count="12"/>
        <line num="121" type="stmt" count="12"/>
        <line num="124" type="stmt" count="12"/>
        <line num="127" type="stmt" count="12"/>
        <line num="128" type="stmt" count="12"/>
        <line num="129" type="stmt" count="6"/>
        <line num="130" type="stmt" count="6"/>
        <line num="131" type="stmt" count="6"/>
        <line num="132" type="stmt" count="6"/>
        <line num="133" type="stmt" count="6"/>
        <line num="134" type="stmt" count="6"/>
        <line num="135" type="stmt" count="6"/>
        <line num="137" type="stmt" count="6"/>
        <line num="138" type="stmt" count="6"/>
        <line num="142" type="stmt" count="12"/>
        <line num="143" type="stmt" count="12"/>
        <line num="144" type="stmt" count="12"/>
        <line num="145" type="stmt" count="12"/>
        <line num="146" type="stmt" count="12"/>
        <line num="147" type="stmt" count="12"/>
        <line num="148" type="stmt" count="12"/>
        <line num="149" type="stmt" count="12"/>
        <line num="150" type="stmt" count="12"/>
        <line num="151" type="stmt" count="12"/>
        <line num="152" type="stmt" count="12"/>
        <line num="153" type="stmt" count="12"/>
        <line num="154" type="stmt" count="30"/>
        <line num="161" type="stmt" count="12"/>
        <line num="162" type="stmt" count="12"/>
        <line num="164" type="stmt" count="12"/>
        <line num="166" type="stmt" count="2"/>
        <line num="167" type="stmt" count="10"/>
        <line num="169" type="stmt" count="6"/>
        <line num="170" type="stmt" count="4"/>
        <line num="172" type="stmt" count="4"/>
        <line num="175" type="stmt" count="0"/>
        <line num="177" type="stmt" count="30"/>
        <line num="180" type="stmt" count="30"/>
        <line num="183" type="stmt" count="30"/>
        <line num="185" type="stmt" count="30"/>
        <line num="186" type="stmt" count="30"/>
        <line num="187" type="stmt" count="30"/>
        <line num="188" type="stmt" count="30"/>
        <line num="189" type="stmt" count="30"/>
        <line num="190" type="stmt" count="30"/>
        <line num="191" type="stmt" count="30"/>
        <line num="192" type="stmt" count="30"/>
        <line num="193" type="stmt" count="30"/>
        <line num="194" type="stmt" count="30"/>
        <line num="195" type="stmt" count="30"/>
        <line num="196" type="stmt" count="30"/>
        <line num="197" type="stmt" count="30"/>
        <line num="198" type="stmt" count="30"/>
        <line num="199" type="stmt" count="30"/>
        <line num="200" type="stmt" count="30"/>
        <line num="201" type="stmt" count="30"/>
        <metrics loc="204" ncloc="180" classes="1" methods="2" coveredmethods="0" conditionals="0" coveredconditionals="0" statements="121" coveredstatements="116" elements="123" coveredelements="116"/>
      </file>
      <file name="/var/www/html/app/Livewire/DeckStats.php">
        <class name="App\Livewire\DeckStats" namespace="App\Livewire">
          <metrics complexity="7" methods="2" coveredmethods="0" conditionals="0" coveredconditionals="0" statements="58" coveredstatements="0" elements="60" coveredelements="0"/>
        </class>
        <line num="17" type="method" name="mount" visibility="public" complexity="2" crap="6" count="0"/>
        <line num="20" type="stmt" count="0"/>
        <line num="21" type="stmt" count="0"/>
        <line num="23" type="stmt" count="0"/>
        <line num="24" type="stmt" count="0"/>
        <line num="26" type="stmt" count="0"/>
        <line num="29" type="stmt" count="0"/>
        <line num="32" type="method" name="render" visibility="public" complexity="5" crap="30" count="0"/>
        <line num="38" type="stmt" count="0"/>
        <line num="39" type="stmt" count="0"/>
        <line num="41" type="stmt" count="0"/>
        <line num="42" type="stmt" count="0"/>
        <line num="45" type="stmt" count="0"/>
        <line num="46" type="stmt" count="0"/>
        <line num="49" type="stmt" count="0"/>
        <line num="50" type="stmt" count="0"/>
        <line num="51" type="stmt" count="0"/>
        <line num="52" type="stmt" count="0"/>
        <line num="53" type="stmt" count="0"/>
        <line num="55" type="stmt" count="0"/>
        <line num="56" type="stmt" count="0"/>
        <line num="57" type="stmt" count="0"/>
        <line num="60" type="stmt" count="0"/>
        <line num="63" type="stmt" count="0"/>
        <line num="66" type="stmt" count="0"/>
        <line num="67" type="stmt" count="0"/>
        <line num="68" type="stmt" count="0"/>
        <line num="69" type="stmt" count="0"/>
        <line num="70" type="stmt" count="0"/>
        <line num="73" type="stmt" count="0"/>
        <line num="76" type="stmt" count="0"/>
        <line num="77" type="stmt" count="0"/>
        <line num="78" type="stmt" count="0"/>
        <line num="81" type="stmt" count="0"/>
        <line num="84" type="stmt" count="0"/>
        <line num="85" type="stmt" count="0"/>
        <line num="86" type="stmt" count="0"/>
        <line num="87" type="stmt" count="0"/>
        <line num="88" type="stmt" count="0"/>
        <line num="89" type="stmt" count="0"/>
        <line num="90" type="stmt" count="0"/>
        <line num="91" type="stmt" count="0"/>
        <line num="92" type="stmt" count="0"/>
        <line num="93" type="stmt" count="0"/>
        <line num="94" type="stmt" count="0"/>
        <line num="95" type="stmt" count="0"/>
        <line num="96" type="stmt" count="0"/>
        <line num="98" type="stmt" count="0"/>
        <line num="99" type="stmt" count="0"/>
        <line num="100" type="stmt" count="0"/>
        <line num="101" type="stmt" count="0"/>
        <line num="102" type="stmt" count="0"/>
        <line num="103" type="stmt" count="0"/>
        <line num="104" type="stmt" count="0"/>
        <line num="105" type="stmt" count="0"/>
        <line num="106" type="stmt" count="0"/>
        <line num="107" type="stmt" count="0"/>
        <line num="108" type="stmt" count="0"/>
        <line num="109" type="stmt" count="0"/>
        <line num="110" type="stmt" count="0"/>
        <metrics loc="113" ncloc="104" classes="1" methods="2" coveredmethods="0" conditionals="0" coveredconditionals="0" statements="58" coveredstatements="0" elements="60" coveredelements="0"/>
      </file>
      <file name="/var/www/html/app/Livewire/Library.php">
        <class name="App\Livewire\Library" namespace="App\Livewire">
          <metrics complexity="6" methods="4" coveredmethods="2" conditionals="0" coveredconditionals="0" statements="41" coveredstatements="36" elements="45" coveredelements="38"/>
        </class>
        <line num="18" type="method" name="filterByCategory" visibility="public" complexity="1" crap="2" count="0"/>
        <line num="20" type="stmt" count="0"/>
        <line num="23" type="method" name="enrollInDeck" visibility="public" complexity="1" crap="1" count="1"/>
        <line num="25" type="stmt" count="1"/>
        <line num="26" type="stmt" count="1"/>
        <line num="28" type="stmt" count="1"/>
        <line num="31" type="method" name="unenrollFromDeck" visibility="public" complexity="1" crap="1" count="1"/>
        <line num="33" type="stmt" count="1"/>
        <line num="34" type="stmt" count="1"/>
        <line num="36" type="stmt" count="1"/>
        <line num="39" type="method" name="render" visibility="public" complexity="3" crap="3.01" count="19"/>
        <line num="44" type="stmt" count="19"/>
        <line num="45" type="stmt" count="0"/>
        <line num="46" type="stmt" count="0"/>
        <line num="47" type="stmt" count="0"/>
        <line num="48" type="stmt" count="0"/>
        <line num="49" type="stmt" count="19"/>
        <line num="51" type="stmt" count="19"/>
        <line num="54" type="stmt" count="19"/>
        <line num="55" type="stmt" count="19"/>
        <line num="56" type="stmt" count="19"/>
        <line num="57" type="stmt" count="19"/>
        <line num="58" type="stmt" count="19"/>
        <line num="59" type="stmt" count="19"/>
        <line num="62" type="stmt" count="19"/>
        <line num="63" type="stmt" count="14"/>
        <line num="64" type="stmt" count="14"/>
        <line num="67" type="stmt" count="14"/>
        <line num="68" type="stmt" count="14"/>
        <line num="69" type="stmt" count="14"/>
        <line num="70" type="stmt" count="14"/>
        <line num="73" type="stmt" count="14"/>
        <line num="75" type="stmt" count="14"/>
        <line num="76" type="stmt" count="14"/>
        <line num="77" type="stmt" count="14"/>
        <line num="78" type="stmt" count="14"/>
        <line num="79" type="stmt" count="14"/>
        <line num="80" type="stmt" count="14"/>
        <line num="81" type="stmt" count="14"/>
        <line num="82" type="stmt" count="19"/>
        <line num="84" type="stmt" count="19"/>
        <line num="85" type="stmt" count="19"/>
        <line num="86" type="stmt" count="19"/>
        <line num="87" type="stmt" count="19"/>
        <line num="88" type="stmt" count="19"/>
        <metrics loc="91" ncloc="87" classes="1" methods="4" coveredmethods="2" conditionals="0" coveredconditionals="0" statements="41" coveredstatements="36" elements="45" coveredelements="38"/>
      </file>
      <file name="/var/www/html/app/Livewire/Profile.php">
        <class name="App\Livewire\Profile" namespace="App\Livewire">
          <metrics complexity="6" methods="4" coveredmethods="4" conditionals="0" coveredconditionals="0" statements="40" coveredstatements="40" elements="44" coveredelements="44"/>
        </class>
        <line num="25" type="method" name="mount" visibility="public" complexity="1" crap="1" count="18"/>
        <line num="30" type="stmt" count="18"/>
        <line num="31" type="stmt" count="18"/>
        <line num="32" type="stmt" count="18"/>
        <line num="35" type="method" name="updateProfile" visibility="public" complexity="1" crap="1" count="4"/>
        <line num="37" type="stmt" count="4"/>
        <line num="38" type="stmt" count="4"/>
        <line num="39" type="stmt" count="4"/>
        <line num="40" type="stmt" count="4"/>
        <line num="42" type="stmt" count="1"/>
        <line num="43" type="stmt" count="1"/>
        <line num="44" type="stmt" count="1"/>
        <line num="45" type="stmt" count="1"/>
        <line num="46" type="stmt" count="1"/>
        <line num="47" type="stmt" count="1"/>
        <line num="49" type="stmt" count="1"/>
        <line num="52" type="method" name="updatePassword" visibility="public" complexity="2" crap="2" count="7"/>
        <line num="54" type="stmt" count="7"/>
        <line num="55" type="stmt" count="7"/>
        <line num="56" type="stmt" count="7"/>
        <line num="57" type="stmt" count="7"/>
        <line num="59" type="stmt" count="3"/>
        <line num="60" type="stmt" count="3"/>
        <line num="62" type="stmt" count="3"/>
        <line num="63" type="stmt" count="1"/>
        <line num="65" type="stmt" count="1"/>
        <line num="68" type="stmt" count="2"/>
        <line num="69" type="stmt" count="2"/>
        <line num="70" type="stmt" count="2"/>
        <line num="71" type="stmt" count="2"/>
        <line num="73" type="stmt" count="2"/>
        <line num="74" type="stmt" count="2"/>
        <line num="77" type="method" name="render" visibility="public" complexity="2" crap="2" count="18"/>
        <line num="82" type="stmt" count="18"/>
        <line num="83" type="stmt" count="18"/>
        <line num="84" type="stmt" count="18"/>
        <line num="85" type="stmt" count="18"/>
        <line num="86" type="stmt" count="2"/>
        <line num="88" type="stmt" count="18"/>
        <line num="90" type="stmt" count="18"/>
        <line num="91" type="stmt" count="18"/>
        <line num="92" type="stmt" count="18"/>
        <line num="93" type="stmt" count="18"/>
        <line num="94" type="stmt" count="18"/>
        <metrics loc="97" ncloc="97" classes="1" methods="4" coveredmethods="4" conditionals="0" coveredconditionals="0" statements="40" coveredstatements="40" elements="44" coveredelements="44"/>
      </file>
      <file name="/var/www/html/app/Livewire/StudyInterface.php">
        <class name="App\Livewire\StudyInterface" namespace="App\Livewire">
          <metrics complexity="30" methods="9" coveredmethods="5" conditionals="0" coveredconditionals="0" statements="111" coveredstatements="101" elements="120" coveredelements="106"/>
        </class>
        <line num="34" type="method" name="mount" visibility="public" complexity="2" crap="2.01" count="22"/>
        <line num="41" type="stmt" count="22"/>
        <line num="42" type="stmt" count="22"/>
        <line num="43" type="stmt" count="22"/>
        <line num="44" type="stmt" count="22"/>
        <line num="45" type="stmt" count="22"/>
        <line num="46" type="stmt" count="22"/>
        <line num="47" type="stmt" count="22"/>
        <line num="49" type="stmt" count="10"/>
        <line num="52" type="stmt" count="10"/>
        <line num="53" type="stmt" count="10"/>
        <line num="55" type="stmt" count="10"/>
        <line num="56" type="stmt" count="0"/>
        <line num="58" type="stmt" count="0"/>
        <line num="61" type="stmt" count="10"/>
        <line num="62" type="stmt" count="10"/>
        <line num="65" type="stmt" count="10"/>
        <line num="68" type="stmt" count="10"/>
        <line num="71" type="method" name="initializeSessionConfig" visibility="private" complexity="7" crap="7.50" count="10"/>
        <line num="74" type="stmt" count="10"/>
        <line num="75" type="stmt" count="10"/>
        <line num="76" type="stmt" count="10"/>
        <line num="79" type="stmt" count="10"/>
        <line num="80" type="stmt" count="10"/>
        <line num="81" type="stmt" count="0"/>
        <line num="83" type="stmt" count="0"/>
        <line num="84" type="stmt" count="0"/>
        <line num="85" type="stmt" count="0"/>
        <line num="88" type="stmt" count="10"/>
        <line num="90" type="stmt" count="10"/>
        <line num="91" type="stmt" count="9"/>
        <line num="92" type="stmt" count="1"/>
        <line num="93" type="stmt" count="0"/>
        <line num="94" type="stmt" count="10"/>
        <line num="96" type="stmt" count="10"/>
        <line num="98" type="stmt" count="10"/>
        <line num="99" type="stmt" count="10"/>
        <line num="100" type="stmt" count="10"/>
        <line num="101" type="stmt" count="10"/>
        <line num="102" type="stmt" count="10"/>
        <line num="103" type="stmt" count="10"/>
        <line num="104" type="stmt" count="10"/>
        <line num="107" type="method" name="loadSessionCards" visibility="private" complexity="2" crap="2" count="10"/>
        <line num="111" type="stmt" count="10"/>
        <line num="114" type="stmt" count="10"/>
        <line num="115" type="stmt" count="10"/>
        <line num="116" type="stmt" count="10"/>
        <line num="117" type="stmt" count="10"/>
        <line num="118" type="stmt" count="10"/>
        <line num="120" type="stmt" count="10"/>
        <line num="121" type="stmt" count="10"/>
        <line num="124" type="stmt" count="10"/>
        <line num="125" type="stmt" count="10"/>
        <line num="129" type="method" name="loadNextCard" visibility="private" complexity="2" crap="2" count="5"/>
        <line num="131" type="stmt" count="5"/>
        <line num="133" type="stmt" count="5"/>
        <line num="134" type="stmt" count="1"/>
        <line num="136" type="stmt" count="4"/>
        <line num="140" type="method" name="reveal" visibility="public" complexity="1" crap="2" count="0"/>
        <line num="142" type="stmt" count="0"/>
        <line num="143" type="stmt" count="0"/>
        <line num="149" type="method" name="toggleAnswer" visibility="public" complexity="2" crap="2" count="7"/>
        <line num="151" type="stmt" count="7"/>
        <line num="153" type="stmt" count="1"/>
        <line num="154" type="stmt" count="1"/>
        <line num="155" type="stmt" count="1"/>
        <line num="156" type="stmt" count="1"/>
        <line num="159" type="stmt" count="7"/>
        <line num="166" type="method" name="submitAnswers" visibility="public" complexity="2" crap="2" count="7"/>
        <line num="168" type="stmt" count="7"/>
        <line num="169" type="stmt" count="1"/>
        <line num="172" type="stmt" count="6"/>
        <line num="173" type="stmt" count="6"/>
        <line num="176" type="method" name="continue" visibility="public" complexity="3" crap="3.01" count="5"/>
        <line num="178" type="stmt" count="5"/>
        <line num="179" type="stmt" count="0"/>
        <line num="182" type="stmt" count="5"/>
        <line num="185" type="stmt" count="5"/>
        <line num="186" type="stmt" count="5"/>
        <line num="187" type="stmt" count="5"/>
        <line num="189" type="stmt" count="5"/>
        <line num="190" type="stmt" count="5"/>
        <line num="191" type="stmt" count="5"/>
        <line num="194" type="method" name="render" visibility="public" complexity="9" crap="9" count="22"/>
        <line num="196" type="stmt" count="22"/>
        <line num="197" type="stmt" count="22"/>
        <line num="198" type="stmt" count="22"/>
        <line num="199" type="stmt" count="22"/>
        <line num="201" type="stmt" count="22"/>
        <line num="202" type="stmt" count="10"/>
        <line num="203" type="stmt" count="10"/>
        <line num="204" type="stmt" count="10"/>
        <line num="207" type="stmt" count="10"/>
        <line num="208" type="stmt" count="6"/>
        <line num="209" type="stmt" count="6"/>
        <line num="212" type="stmt" count="6"/>
        <line num="213" type="stmt" count="6"/>
        <line num="214" type="stmt" count="6"/>
        <line num="215" type="stmt" count="6"/>
        <line num="220" type="stmt" count="6"/>
        <line num="221" type="stmt" count="6"/>
        <line num="222" type="stmt" count="6"/>
        <line num="223" type="stmt" count="6"/>
        <line num="225" type="stmt" count="6"/>
        <line num="228" type="stmt" count="16"/>
        <line num="229" type="stmt" count="4"/>
        <line num="233" type="stmt" count="22"/>
        <line num="234" type="stmt" count="10"/>
        <line num="235" type="stmt" count="10"/>
        <line num="236" type="stmt" count="10"/>
        <line num="237" type="stmt" count="10"/>
        <line num="238" type="stmt" count="10"/>
        <line num="241" type="stmt" count="22"/>
        <line num="242" type="stmt" count="22"/>
        <line num="243" type="stmt" count="22"/>
        <line num="244" type="stmt" count="22"/>
        <line num="245" type="stmt" count="22"/>
        <line num="246" type="stmt" count="22"/>
        <line num="247" type="stmt" count="22"/>
        <line num="248" type="stmt" count="22"/>
        <metrics loc="251" ncloc="228" classes="1" methods="9" coveredmethods="5" conditionals="0" coveredconditionals="0" statements="111" coveredstatements="101" elements="120" coveredelements="106"/>
      </file>
      <file name="/var/www/html/app/Livewire/SubscriptionManagement.php">
        <class name="App\Livewire\SubscriptionManagement" namespace="App\Livewire">
          <metrics complexity="1" methods="1" coveredmethods="1" conditionals="0" coveredconditionals="0" statements="7" coveredstatements="7" elements="8" coveredelements="8"/>
        </class>
        <line num="14" type="method" name="render" visibility="public" complexity="1" crap="1" count="9"/>
        <line num="19" type="stmt" count="9"/>
        <line num="20" type="stmt" count="9"/>
        <line num="21" type="stmt" count="9"/>
        <line num="23" type="stmt" count="9"/>
        <line num="24" type="stmt" count="9"/>
        <line num="25" type="stmt" count="9"/>
        <line num="26" type="stmt" count="9"/>
        <metrics loc="29" ncloc="29" classes="1" methods="1" coveredmethods="1" conditionals="0" coveredconditionals="0" statements="7" coveredstatements="7" elements="8" coveredelements="8"/>
      </file>
    </package>
    <package name="App\Providers">
      <file name="/var/www/html/app/Providers/AppServiceProvider.php">
        <class name="App\Providers\AppServiceProvider" namespace="App\Providers">
          <metrics complexity="2" methods="2" coveredmethods="2" conditionals="0" coveredconditionals="0" statements="2" coveredstatements="2" elements="4" coveredelements="4"/>
        </class>
        <line num="12" type="method" name="register" visibility="public" complexity="1" crap="1" count="368"/>
        <line num="15" type="stmt" count="368"/>
        <line num="20" type="method" name="boot" visibility="public" complexity="1" crap="1" count="368"/>
        <line num="23" type="stmt" count="368"/>
        <metrics loc="25" ncloc="17" classes="1" methods="2" coveredmethods="2" conditionals="0" coveredconditionals="0" statements="2" coveredstatements="2" elements="4" coveredelements="4"/>
      </file>
    </package>
    <package name="App\Services">
      <file name="/var/www/html/app/Services/LocalizationService.php">
        <class name="App\Services\LocalizationService" namespace="App\Services">
          <metrics complexity="20" methods="3" coveredmethods="2" conditionals="0" coveredconditionals="0" statements="33" coveredstatements="31" elements="36" coveredelements="33"/>
        </class>
        <line num="14" type="method" name="detectLocaleFromHeader" visibility="public" complexity="9" crap="9.07" count="106"/>
        <line num="16" type="stmt" count="106"/>
        <line num="18" type="stmt" count="106"/>
        <line num="19" type="stmt" count="0"/>
        <line num="23" type="stmt" count="106"/>
        <line num="24" type="stmt" count="106"/>
        <line num="25" type="stmt" count="106"/>
        <line num="26" type="stmt" count="106"/>
        <line num="29" type="stmt" count="106"/>
        <line num="30" type="stmt" count="106"/>
        <line num="34" type="stmt" count="106"/>
        <line num="35" type="stmt" count="0"/>
        <line num="38" type="stmt" count="106"/>
        <line num="39" type="stmt" count="106"/>
        <line num="40" type="stmt" count="106"/>
        <line num="43" type="stmt" count="106"/>
        <line num="47" type="stmt" count="106"/>
        <line num="50" type="stmt" count="106"/>
        <line num="51" type="stmt" count="106"/>
        <line num="52" type="stmt" count="106"/>
        <line num="53" type="stmt" count="105"/>
        <line num="57" type="stmt" count="1"/>
        <line num="63" type="method" name="getSupportedLocales" visibility="public" complexity="1" crap="1" count="1"/>
        <line num="65" type="stmt" count="1"/>
        <line num="71" type="method" name="getLocaleLabel" visibility="public" complexity="10" crap="10" count="1"/>
        <line num="73" type="stmt" count="1"/>
        <line num="74" type="stmt" count="1"/>
        <line num="75" type="stmt" count="1"/>
        <line num="76" type="stmt" count="1"/>
        <line num="77" type="stmt" count="1"/>
        <line num="78" type="stmt" count="1"/>
        <line num="79" type="stmt" count="1"/>
        <line num="80" type="stmt" count="1"/>
        <line num="81" type="stmt" count="1"/>
        <line num="82" type="stmt" count="1"/>
        <line num="83" type="stmt" count="1"/>
        <metrics loc="87" ncloc="72" classes="1" methods="3" coveredmethods="2" conditionals="0" coveredconditionals="0" statements="33" coveredstatements="31" elements="36" coveredelements="33"/>
      </file>
      <file name="/var/www/html/app/Services/StripeService.php">
        <class name="App\Services\StripeService" namespace="App\Services">
          <metrics complexity="9" methods="7" coveredmethods="0" conditionals="0" coveredconditionals="0" statements="30" coveredstatements="0" elements="37" coveredelements="0"/>
        </class>
        <line num="13" type="method" name="__construct" visibility="public" complexity="2" crap="6" count="0"/>
        <line num="15" type="stmt" count="0"/>
        <line num="17" type="stmt" count="0"/>
        <line num="18" type="stmt" count="0"/>
        <line num="21" type="stmt" count="0"/>
        <line num="24" type="method" name="getClient" visibility="public" complexity="1" crap="2" count="0"/>
        <line num="26" type="stmt" count="0"/>
        <line num="32" type="method" name="createCheckoutSession" visibility="public" complexity="1" crap="2" count="0"/>
        <line num="34" type="stmt" count="0"/>
        <line num="35" type="stmt" count="0"/>
        <line num="36" type="stmt" count="0"/>
        <line num="37" type="stmt" count="0"/>
        <line num="38" type="stmt" count="0"/>
        <line num="39" type="stmt" count="0"/>
        <line num="40" type="stmt" count="0"/>
        <line num="41" type="stmt" count="0"/>
        <line num="42" type="stmt" count="0"/>
        <line num="43" type="stmt" count="0"/>
        <line num="44" type="stmt" count="0"/>
        <line num="45" type="stmt" count="0"/>
        <line num="46" type="stmt" count="0"/>
        <line num="47" type="stmt" count="0"/>
        <line num="48" type="stmt" count="0"/>
        <line num="54" type="method" name="createCustomer" visibility="public" complexity="1" crap="2" count="0"/>
        <line num="56" type="stmt" count="0"/>
        <line num="57" type="stmt" count="0"/>
        <line num="58" type="stmt" count="0"/>
        <line num="59" type="stmt" count="0"/>
        <line num="65" type="method" name="cancelSubscription" visibility="public" complexity="1" crap="2" count="0"/>
        <line num="67" type="stmt" count="0"/>
        <line num="73" type="method" name="getSubscription" visibility="public" complexity="1" crap="2" count="0"/>
        <line num="75" type="stmt" count="0"/>
        <line num="81" type="method" name="getPlanStripePriceId" visibility="private" complexity="2" crap="6" count="0"/>
        <line num="83" type="stmt" count="0"/>
        <line num="85" type="stmt" count="0"/>
        <line num="86" type="stmt" count="0"/>
        <line num="89" type="stmt" count="0"/>
        <metrics loc="92" ncloc="77" classes="1" methods="7" coveredmethods="0" conditionals="0" coveredconditionals="0" statements="30" coveredstatements="0" elements="37" coveredelements="0"/>
      </file>
    </package>
    <metrics files="30" loc="2436" ncloc="2244" classes="29" methods="92" coveredmethods="41" conditionals="0" coveredconditionals="0" statements="1004" coveredstatements="595" elements="1096" coveredelements="636"/>
  </project>
</coverage>
